<?xml version="1.0" encoding="UTF-8"?>
<!-- Generated by org.testng.reporters.JUnitReportReporter -->
<testsuite hostname="DESKTOP-NJ5GAI7" failures="0" tests="4" name="TestCases.ContactUsTest" time="184.261" errors="0" timestamp="2026-05-19T17:14:14 IST" skipped="0">
  <testcase classname="TestCases.ContactUsTest" name="invalidEmailValidation" time="48.883"/>
  <testcase classname="TestCases.ContactUsTest" name="emptyFormValidation" time="44.473"/>
  <testcase classname="TestCases.ContactUsTest" name="invalidPhoneValidation" time="45.685"/>
  <testcase classname="TestCases.ContactUsTest" name="shortMessageValidation" time="45.220"/>
</testsuite> <!-- TestCases.ContactUsTest -->
