<?xml version="1.0" encoding="UTF-8"?>
<!-- Generated by org.testng.reporters.JUnitXMLReporter -->
<testsuite ignored="0" hostname="DESKTOP-NJ5GAI7" failures="0" tests="4" name="Contact Us Tests" time="184.35" errors="0" timestamp="2026-05-19T17:14:12 IST">
  <testcase classname="TestCases.ContactUsTest" name="invalidEmailValidation" time="33.37"/>
  <testcase classname="TestCases.ContactUsTest" name="emptyFormValidation" time="30.836"/>
  <testcase classname="TestCases.ContactUsTest" name="invalidPhoneValidation" time="31.514"/>
  <testcase classname="TestCases.ContactUsTest" name="shortMessageValidation" time="31.879"/>
</testsuite> <!-- Contact Us Tests -->
